[rank: 0] Global seed set to 0
Traceback (most recent call last):
  File "/projects/dali/spack/var/spack/environments/dali/.spack-env/view/lib/python3.10/site-packages/hydra/_internal/instantiate/_instantiate2.py", line 92, in _call_target
    return _target_(*args, **kwargs)
  File "/home/yichia3/torchgeo/torchgeo/trainers/segmentation.py", line 171, in __init__
    self.config_task()
  File "/home/yichia3/torchgeo/torchgeo/trainers/segmentation.py", line 95, in config_task
    state_dict = get_weight(weights).get_state_dict(progress=True)
  File "/home/yichia3/torchgeo/torchgeo/models/api.py", line 79, in get_weight
    return eval(name)
  File "<string>", line 1, in <module>
NameError: name 'imagenet' is not defined

The above exception was the direct cause of the following exception:

Traceback (most recent call last):
  File "/home/yichia3/torchgeo/train.py", line 154, in <module>
    main(conf)
  File "/home/yichia3/torchgeo/train.py", line 90, in main
    task: LightningModule = instantiate(conf.module)
  File "/projects/dali/spack/var/spack/environments/dali/.spack-env/view/lib/python3.10/site-packages/hydra/_internal/instantiate/_instantiate2.py", line 226, in instantiate
    return instantiate_node(
  File "/projects/dali/spack/var/spack/environments/dali/.spack-env/view/lib/python3.10/site-packages/hydra/_internal/instantiate/_instantiate2.py", line 347, in instantiate_node
    return _call_target(_target_, partial, args, kwargs, full_key)
  File "/projects/dali/spack/var/spack/environments/dali/.spack-env/view/lib/python3.10/site-packages/hydra/_internal/instantiate/_instantiate2.py", line 97, in _call_target
    raise InstantiationException(msg) from e
hydra.errors.InstantiationException: Error in call to target 'torchgeo.trainers.segmentation.SemanticSegmentationTask':
NameError("name 'imagenet' is not defined")
full_key: module
python train.py config_file=conf/l7irish.yaml experiment.name=unet_resnet50_0.0001_ce_imagenet experiment.module.segmentation_model=unet experiment.module.learning_rate=0.0001 experiment.module.loss=ce experiment.module.weights=imagenet experiment.module.backbone=resnet50 experiment.datamodule.weights=imagenet program.output_dir=output/l7irish_experiments program.log_dir=output/l7irish_experiments/logs program.data_dir=/scratch.local/yichia3/l7irish_cog_3857 trainer.devices=[0]
